d:\git\computer-graphics-labs\buil\lab10_quaternions.dir\debug\model.obj
d:\git\computer-graphics-labs\buil\lab10_quaternions.dir\debug\camera.obj
d:\git\computer-graphics-labs\buil\lab10_quaternions.dir\debug\maths.obj
d:\git\computer-graphics-labs\buil\lab10_quaternions.dir\debug\lab10_quaternions.obj
d:\git\computer-graphics-labs\buil\lab10_quaternions.dir\debug\light.obj
d:\git\computer-graphics-labs\buil\lab10_quaternions.dir\debug\vc143.pdb
d:\git\computer-graphics-labs\buil\cmakefiles\generate.stamp
d:\git\computer-graphics-labs\buil\debug\lab10_quaternions.exe
d:\git\computer-graphics-labs\buil\debug\lab10_quaternions.pdb
d:\git\computer-graphics-labs\buil\lab10_quaternions.dir\debug\lab10_quaternions.ilk
d:\git\computer-graphics-labs\buil\lab10_quaternions.dir\debug\lab10_qu.ebd93b33.tlog\cl.15308.write.1.tlog
d:\git\computer-graphics-labs\buil\lab10_quaternions.dir\debug\lab10_qu.ebd93b33.tlog\cl.command.1.tlog
d:\git\computer-graphics-labs\buil\lab10_quaternions.dir\debug\lab10_qu.ebd93b33.tlog\cl.items.tlog
d:\git\computer-graphics-labs\buil\lab10_quaternions.dir\debug\lab10_qu.ebd93b33.tlog\cl.read.1.tlog
d:\git\computer-graphics-labs\buil\lab10_quaternions.dir\debug\lab10_qu.ebd93b33.tlog\custombuild.command.1.tlog
d:\git\computer-graphics-labs\buil\lab10_quaternions.dir\debug\lab10_qu.ebd93b33.tlog\custombuild.read.1.tlog
d:\git\computer-graphics-labs\buil\lab10_quaternions.dir\debug\lab10_qu.ebd93b33.tlog\custombuild.write.1.tlog
d:\git\computer-graphics-labs\buil\lab10_quaternions.dir\debug\lab10_qu.ebd93b33.tlog\link.command.1.tlog
d:\git\computer-graphics-labs\buil\lab10_quaternions.dir\debug\lab10_qu.ebd93b33.tlog\link.read.1.tlog
d:\git\computer-graphics-labs\buil\lab10_quaternions.dir\debug\lab10_qu.ebd93b33.tlog\link.secondary.1.tlog
d:\git\computer-graphics-labs\buil\lab10_quaternions.dir\debug\lab10_qu.ebd93b33.tlog\link.write.1.tlog
