d:\git\computer-graphics-labs\buil\lab08_lighting.dir\debug\model.obj
d:\git\computer-graphics-labs\buil\lab08_lighting.dir\debug\camera.obj
d:\git\computer-graphics-labs\buil\lab08_lighting.dir\debug\lab08_lighting.obj
d:\git\computer-graphics-labs\buil\lab08_lighting.dir\debug\maths.obj
d:\git\computer-graphics-labs\buil\lab08_lighting.dir\debug\vc143.pdb
d:\git\computer-graphics-labs\buil\cmakefiles\generate.stamp
d:\git\computer-graphics-labs\buil\debug\lab08_lighting.exe
d:\git\computer-graphics-labs\buil\debug\lab08_lighting.pdb
d:\git\computer-graphics-labs\buil\lab08_lighting.dir\debug\lab08_lighting.ilk
d:\git\computer-graphics-labs\buil\lab08_lighting.dir\debug\lab08_lighting.tlog\cl.27144.write.1.tlog
d:\git\computer-graphics-labs\buil\lab08_lighting.dir\debug\lab08_lighting.tlog\cl.command.1.tlog
d:\git\computer-graphics-labs\buil\lab08_lighting.dir\debug\lab08_lighting.tlog\cl.items.tlog
d:\git\computer-graphics-labs\buil\lab08_lighting.dir\debug\lab08_lighting.tlog\cl.read.1.tlog
d:\git\computer-graphics-labs\buil\lab08_lighting.dir\debug\lab08_lighting.tlog\custombuild.command.1.tlog
d:\git\computer-graphics-labs\buil\lab08_lighting.dir\debug\lab08_lighting.tlog\custombuild.read.1.tlog
d:\git\computer-graphics-labs\buil\lab08_lighting.dir\debug\lab08_lighting.tlog\custombuild.write.1.tlog
d:\git\computer-graphics-labs\buil\lab08_lighting.dir\debug\lab08_lighting.tlog\link.command.1.tlog
d:\git\computer-graphics-labs\buil\lab08_lighting.dir\debug\lab08_lighting.tlog\link.read.1.tlog
d:\git\computer-graphics-labs\buil\lab08_lighting.dir\debug\lab08_lighting.tlog\link.secondary.1.tlog
d:\git\computer-graphics-labs\buil\lab08_lighting.dir\debug\lab08_lighting.tlog\link.write.1.tlog
