d:\git\computer-graphics-labs\buil\lab09_normal_maps.dir\debug\model.obj
d:\git\computer-graphics-labs\buil\lab09_normal_maps.dir\debug\maths.obj
d:\git\computer-graphics-labs\buil\lab09_normal_maps.dir\debug\lab09_normal_maps.obj
d:\git\computer-graphics-labs\buil\lab09_normal_maps.dir\debug\light.obj
d:\git\computer-graphics-labs\buil\lab09_normal_maps.dir\debug\camera.obj
d:\git\computer-graphics-labs\buil\lab09_normal_maps.dir\debug\vc143.pdb
d:\git\computer-graphics-labs\buil\cmakefiles\generate.stamp
d:\git\computer-graphics-labs\buil\debug\lab09_normal_maps.exe
d:\git\computer-graphics-labs\buil\debug\lab09_normal_maps.pdb
d:\git\computer-graphics-labs\buil\lab09_normal_maps.dir\debug\lab09_normal_maps.ilk
d:\git\computer-graphics-labs\buil\lab09_normal_maps.dir\debug\lab09_no.b301e35d.tlog\cl.command.1.tlog
d:\git\computer-graphics-labs\buil\lab09_normal_maps.dir\debug\lab09_no.b301e35d.tlog\cl.items.tlog
d:\git\computer-graphics-labs\buil\lab09_normal_maps.dir\debug\lab09_no.b301e35d.tlog\cl.read.1.tlog
d:\git\computer-graphics-labs\buil\lab09_normal_maps.dir\debug\lab09_no.b301e35d.tlog\cl.write.1.tlog
d:\git\computer-graphics-labs\buil\lab09_normal_maps.dir\debug\lab09_no.b301e35d.tlog\custombuild.command.1.tlog
d:\git\computer-graphics-labs\buil\lab09_normal_maps.dir\debug\lab09_no.b301e35d.tlog\custombuild.read.1.tlog
d:\git\computer-graphics-labs\buil\lab09_normal_maps.dir\debug\lab09_no.b301e35d.tlog\custombuild.write.1.tlog
d:\git\computer-graphics-labs\buil\lab09_normal_maps.dir\debug\lab09_no.b301e35d.tlog\link.command.1.tlog
d:\git\computer-graphics-labs\buil\lab09_normal_maps.dir\debug\lab09_no.b301e35d.tlog\link.read.1.tlog
d:\git\computer-graphics-labs\buil\lab09_normal_maps.dir\debug\lab09_no.b301e35d.tlog\link.secondary.1.tlog
d:\git\computer-graphics-labs\buil\lab09_normal_maps.dir\debug\lab09_no.b301e35d.tlog\link.write.1.tlog
